<?xml version="1.0" encoding="UTF-8"?>
<!-- Generated by org.testng.reporters.JUnitReportReporter -->
<testsuite hostname="LAPTOP-4HIE33LN" failures="0" tests="1" name="pkazure.com.azureGit_test.BrowserOpen" time="12.052" errors="0" timestamp="2021-02-07T17:10:44 IST" skipped="0">
  <testcase classname="pkazure.com.azureGit_test.BrowserOpen" name="OpenAndCloseBrowser" time="12.052"/>
  <system-out/>
</testsuite> <!-- pkazure.com.azureGit_test.BrowserOpen -->
